12:51:07.982 [main] INFO  testCases.TC001_AccountRegistrationTest - ***** Starting TC001_AccountRegistrationTest *****
12:51:08.583 [main] INFO  testCases.TC001_AccountRegistrationTest - Clicked on MyAccount Link
12:51:09.672 [main] INFO  testCases.TC001_AccountRegistrationTest - Clicked on Register Link
12:51:09.678 [main] INFO  testCases.TC001_AccountRegistrationTest - Providing customer details...
12:51:12.172 [main] INFO  testCases.TC001_AccountRegistrationTest - Validating expected confirmation message...
12:51:13.225 [main] INFO  testCases.TC001_AccountRegistrationTest - Account successfully registered with email: jZdpj@gmail.com
12:51:13.226 [main] INFO  testCases.TC001_AccountRegistrationTest - ***** Finished TC001_AccountRegistrationTest *****
12:51:13.524 [main] INFO  testCases.TC001_AccountRegistrationTest - Browser closed successfully
12:51:13.530 [main] INFO  testCases.TC002_LoginTest - Launching Chrome browser
12:51:16.235 [main] INFO  testCases.TC002_LoginTest - Application launched: http://host.docker.internal/
12:51:16.249 [main] INFO  testCases.TC002_LoginTest - ***** Starting login test *****
12:51:17.409 [main] INFO  testCases.TC002_LoginTest - Navigated to Login Page
12:51:18.228 [main] INFO  testCases.TC002_LoginTest - Login attempted with configured credentials
12:51:19.009 [main] INFO  testCases.TC002_LoginTest - Login successful, My Account page verified
12:51:19.009 [main] INFO  testCases.TC002_LoginTest - ***** Finish TC002_LoginTest*****
12:51:19.168 [main] INFO  testCases.TC002_LoginTest - Browser closed successfully
14:53:23.865 [main] DEBUG org.testng.TestNG - suiteXmlPath: "C:\Workspace\Testing 2026\OpencartV111\grid_docker.xml"
14:53:24.812 [main] INFO  org.testng.internal.Utils - [TestNG] Running:
  C:\Workspace\Testing 2026\OpencartV111\grid_docker.xml

14:53:26.115 [main] INFO  testCases.TC001_AccountRegistrationTest - Launching Chrome browser
14:53:39.767 [main] INFO  testCases.TC002_LoginTest - Launching Chrome browser
14:57:40.171 [main] DEBUG org.testng.TestNG - suiteXmlPath: "C:\Workspace\Testing 2026\OpencartV111\grid_docker.xml"
14:57:40.868 [main] INFO  org.testng.internal.Utils - [TestNG] Running:
  C:\Workspace\Testing 2026\OpencartV111\grid_docker.xml

14:57:42.107 [main] INFO  testCases.TC001_AccountRegistrationTest - Launching Chrome browser
15:00:18.477 [main] DEBUG org.testng.TestNG - suiteXmlPath: "C:\Workspace\Testing 2026\OpencartV111\grid_docker.xml"
15:00:19.144 [main] INFO  org.testng.internal.Utils - [TestNG] Running:
  C:\Workspace\Testing 2026\OpencartV111\grid_docker.xml

15:00:19.996 [main] INFO  testCases.TC001_AccountRegistrationTest - Launching Chrome browser
15:00:25.473 [main] INFO  testCases.TC001_AccountRegistrationTest - Application launched: http://host.docker.internal/
15:00:25.532 [main] INFO  testCases.TC001_AccountRegistrationTest - ***** Starting TC001_AccountRegistrationTest *****
15:00:26.070 [main] INFO  testCases.TC001_AccountRegistrationTest - Clicked on MyAccount Link
15:00:27.623 [main] INFO  testCases.TC001_AccountRegistrationTest - Clicked on Register Link
15:00:27.653 [main] INFO  testCases.TC001_AccountRegistrationTest - Providing customer details...
15:00:30.647 [main] INFO  testCases.TC001_AccountRegistrationTest - Validating expected confirmation message...
15:00:35.394 [main] INFO  testCases.TC001_AccountRegistrationTest - Account successfully registered with email: iORRn@gmail.com
15:00:35.396 [main] INFO  testCases.TC001_AccountRegistrationTest - ***** Finished TC001_AccountRegistrationTest *****
15:00:36.171 [main] INFO  testCases.TC001_AccountRegistrationTest - Browser closed successfully
15:00:36.177 [main] INFO  testCases.TC002_LoginTest - Launching Chrome browser
15:00:39.621 [main] INFO  testCases.TC002_LoginTest - Application launched: http://host.docker.internal/
15:00:39.625 [main] INFO  testCases.TC002_LoginTest - ***** Starting login test *****
15:00:41.129 [main] INFO  testCases.TC002_LoginTest - Navigated to Login Page
15:00:42.022 [main] INFO  testCases.TC002_LoginTest - Login attempted with configured credentials
15:00:43.102 [main] INFO  testCases.TC002_LoginTest - Login successful, My Account page verified
15:00:43.102 [main] INFO  testCases.TC002_LoginTest - ***** Finish TC002_LoginTest*****
15:00:43.340 [main] INFO  testCases.TC002_LoginTest - Browser closed successfully
15:21:05.147 [main] DEBUG org.testng.TestNG - suiteXmlPath: "C:\Workspace\Testing 2026\OpencartV111\grid_docker.xml"
15:21:05.981 [main] INFO  org.testng.internal.Utils - [TestNG] Running:
  C:\Workspace\Testing 2026\OpencartV111\grid_docker.xml

15:21:06.960 [main] INFO  testCases.TC001_AccountRegistrationTest - Launching Chrome browser
15:24:07.211 [main] DEBUG org.testng.TestNG - suiteXmlPath: "C:\Workspace\Testing 2026\OpencartV111\grid_docker.xml"
15:24:07.733 [main] INFO  org.testng.internal.Utils - [TestNG] Running:
  C:\Workspace\Testing 2026\OpencartV111\grid_docker.xml

15:24:08.394 [main] INFO  testCases.TC001_AccountRegistrationTest - Launching Chrome browser
